<?xml version="1.0" encoding="UTF-8"?>
<!-- Generated by org.testng.reporters.JUnitXMLReporter -->
<testsuite ignored="0" hostname="LAPTOP-SK1893TO" failures="1" tests="1" name="Default test" time="2.869" errors="0" timestamp="17 Aug 2022 21:15:31 GMT">
  <testcase classname="io.cucumber.testng.AbstractTestNGCucumberTests" name="runScenario" time="2.303">
    <failure type="org.openqa.selenium.WebDriverException" message="unknown error: Chrome failed to start: exited normally.
  (unknown error: DevToolsActivePort file doesn&amp;apos;t exist)
  (The process started from chrome location C:\Program Files\Google\Chrome\Application\chrome.exe is no longer running, so ChromeDriver is assuming that Chrome has crashed.)
Build info: version: &amp;apos;3.141.59&amp;apos;, revision: &amp;apos;e82be7d358&amp;apos;, time: &amp;apos;2018-11-14T08:17:03&amp;apos;
System info: host: &amp;apos;LAPTOP-SK1893TO&amp;apos;, ip: &amp;apos;192.168.1.245&amp;apos;, os.name: &amp;apos;Windows 10&amp;apos;, os.arch: &amp;apos;amd64&amp;apos;, os.version: &amp;apos;10.0&amp;apos;, java.version: &amp;apos;17.0.1&amp;apos;
Driver info: driver.version: ChromeDriver
remote stacktrace: Backtrace:
	Ordinal0 [0x00B36463+2188387]
	Ordinal0 [0x00ACE461+1762401]
	Ordinal0 [0x009E3D78+802168]
	Ordinal0 [0x00A01F40+925504]
	Ordinal0 [0x009FE331+910129]
	Ordinal0 [0x00A31430+1119280]
	Ordinal0 [0x00A3108A+1118346]
	Ordinal0 [0x00A2C5F6+1099254]
	Ordinal0 [0x00A06BE0+945120]
	Ordinal0 [0x00A07AD6+948950]
	GetHandleVerifier [0x00DD71F2+2712546]
	GetHandleVerifier [0x00DC886D+2652765]
	GetHandleVerifier [0x00BC002A+520730]
	GetHandleVerifier [0x00BBEE06+516086]
	Ordinal0 [0x00AD468B+1787531]
	Ordinal0 [0x00AD8E88+1805960]
	Ordinal0 [0x00AD8F75+1806197]
	Ordinal0 [0x00AE1DF1+1842673]
	BaseThreadInitThunk [0x76316739+25]
	RtlGetFullPathName_UEx [0x772F90AF+1215]
	RtlGetFullPathName_UEx [0x772F907D+1165]
">
      <![CDATA[org.openqa.selenium.WebDriverException: unknown error: Chrome failed to start: exited normally.
  (unknown error: DevToolsActivePort file doesn't exist)
  (The process started from chrome location C:\Program Files\Google\Chrome\Application\chrome.exe is no longer running, so ChromeDriver is assuming that Chrome has crashed.)
Build info: version: '3.141.59', revision: 'e82be7d358', time: '2018-11-14T08:17:03'
System info: host: 'LAPTOP-SK1893TO', ip: '192.168.1.245', os.name: 'Windows 10', os.arch: 'amd64', os.version: '10.0', java.version: '17.0.1'
Driver info: driver.version: ChromeDriver
remote stacktrace: Backtrace:
Ordinal0 [0x00B36463+2188387]
Ordinal0 [0x00ACE461+1762401]
Ordinal0 [0x009E3D78+802168]
Ordinal0 [0x00A01F40+925504]
Ordinal0 [0x009FE331+910129]
Ordinal0 [0x00A31430+1119280]
Ordinal0 [0x00A3108A+1118346]
Ordinal0 [0x00A2C5F6+1099254]
Ordinal0 [0x00A06BE0+945120]
Ordinal0 [0x00A07AD6+948950]
GetHandleVerifier [0x00DD71F2+2712546]
GetHandleVerifier [0x00DC886D+2652765]
GetHandleVerifier [0x00BC002A+520730]
GetHandleVerifier [0x00BBEE06+516086]
Ordinal0 [0x00AD468B+1787531]
Ordinal0 [0x00AD8E88+1805960]
Ordinal0 [0x00AD8F75+1806197]
Ordinal0 [0x00AE1DF1+1842673]
BaseThreadInitThunk [0x76316739+25]
RtlGetFullPathName_UEx [0x772F90AF+1215]
RtlGetFullPathName_UEx [0x772F907D+1165]

at java.base/jdk.internal.reflect.NativeConstructorAccessorImpl.newInstance0(Native Method)
at java.base/jdk.internal.reflect.NativeConstructorAccessorImpl.newInstance(NativeConstructorAccessorImpl.java:77)
at java.base/jdk.internal.reflect.DelegatingConstructorAccessorImpl.newInstance(DelegatingConstructorAccessorImpl.java:45)
at java.base/java.lang.reflect.Constructor.newInstanceWithCaller(Constructor.java:499)
at java.base/java.lang.reflect.Constructor.newInstance(Constructor.java:480)
at org.openqa.selenium.remote.W3CHandshakeResponse.lambda$errorHandler$0(W3CHandshakeResponse.java:62)
at org.openqa.selenium.remote.HandshakeResponse.lambda$getResponseFunction$0(HandshakeResponse.java:30)
at org.openqa.selenium.remote.ProtocolHandshake.lambda$createSession$0(ProtocolHandshake.java:126)
at java.base/java.util.stream.ReferencePipeline$3$1.accept(ReferencePipeline.java:197)
at java.base/java.util.Spliterators$ArraySpliterator.tryAdvance(Spliterators.java:1002)
at java.base/java.util.stream.ReferencePipeline.forEachWithCancel(ReferencePipeline.java:129)
at java.base/java.util.stream.AbstractPipeline.copyIntoWithCancel(AbstractPipeline.java:527)
at java.base/java.util.stream.AbstractPipeline.copyInto(AbstractPipeline.java:513)
at java.base/java.util.stream.AbstractPipeline.wrapAndCopyInto(AbstractPipeline.java:499)
at java.base/java.util.stream.FindOps$FindOp.evaluateSequential(FindOps.java:150)
at java.base/java.util.stream.AbstractPipeline.evaluate(AbstractPipeline.java:234)
at java.base/java.util.stream.ReferencePipeline.findFirst(ReferencePipeline.java:647)
at org.openqa.selenium.remote.ProtocolHandshake.createSession(ProtocolHandshake.java:128)
at org.openqa.selenium.remote.ProtocolHandshake.createSession(ProtocolHandshake.java:74)
at org.openqa.selenium.remote.HttpCommandExecutor.execute(HttpCommandExecutor.java:136)
at org.openqa.selenium.remote.service.DriverCommandExecutor.execute(DriverCommandExecutor.java:83)
at org.openqa.selenium.remote.RemoteWebDriver.execute(RemoteWebDriver.java:552)
at org.openqa.selenium.remote.RemoteWebDriver.startSession(RemoteWebDriver.java:213)
at org.openqa.selenium.remote.RemoteWebDriver.<init>(RemoteWebDriver.java:131)
at org.openqa.selenium.chrome.ChromeDriver.<init>(ChromeDriver.java:181)
at org.openqa.selenium.chrome.ChromeDriver.<init>(ChromeDriver.java:168)
at org.openqa.selenium.chrome.ChromeDriver.<init>(ChromeDriver.java:123)
at com.ny.steps.StepsDefinition.user_able_to_open_any_browser(StepsDefinition.java:15)
at âœ½.User able to open any Browser(file:///C:/Users/islam/eclipse-workspace/UCucumber/./Features/login.feature:8)
]]>
    </failure>
  </testcase> <!-- runScenario -->
</testsuite> <!-- Default test -->
