<?xml version="1.0" encoding="UTF-8"?>
<!-- Generated by org.testng.reporters.JUnitReportReporter -->
<testsuite hostname="LAPTOP-SK1893TO" failures="0" tests="1" name="zoopla.uk.myrunner.MyRunner" time="3.521" errors="1" timestamp="13 Sep 2023 05:10:59 GMT" skipped="0">
  <testcase classname="zoopla.uk.myrunner.MyRunner" name="runScenario" time="3.521">
    <error message="session not created: This version of ChromeDriver only supports Chrome version 114
Current browser version is 116.0.5845.180 with binary path C:\Program Files\Google\Chrome\Application\chrome.exe
Build info: version: &#039;3.141.59&#039;, revision: &#039;e82be7d358&#039;, time: &#039;2018-11-14T08:17:03&#039;
System info: host: &#039;LAPTOP-SK1893TO&#039;, ip: &#039;192.168.1.245&#039;, os.name: &#039;Windows 10&#039;, os.arch: &#039;amd64&#039;, os.version: &#039;10.0&#039;, java.version: &#039;17.0.1&#039;
Driver info: driver.version: ChromeDriver
remote stacktrace: Backtrace:
	GetHandleVerifier [0x0048A813+48355]
	(No symbol) [0x0041C4B1]
	(No symbol) [0x00325358]
	(No symbol) [0x003461AC]
	(No symbol) [0x00341EF3]
	(No symbol) [0x00340579]
	(No symbol) [0x00370C55]
	(No symbol) [0x0037093C]
	(No symbol) [0x0036A536]
	(No symbol) [0x003482DC]
	(No symbol) [0x003493DD]
	GetHandleVerifier [0x006EAABD+2539405]
	GetHandleVerifier [0x0072A78F+2800735]
	GetHandleVerifier [0x0072456C+2775612]
	GetHandleVerifier [0x005151E0+616112]
	(No symbol) [0x00425F8C]
	(No symbol) [0x00422328]
	(No symbol) [0x0042240B]
	(No symbol) [0x00414FF7]
	BaseThreadInitThunk [0x764C7D59+25]
	RtlInitializeExceptionChain [0x77ABB79B+107]
	RtlClearBits [0x77ABB71F+191]
" type="org.openqa.selenium.SessionNotCreatedException">
      <![CDATA[org.openqa.selenium.SessionNotCreatedException: session not created: This version of ChromeDriver only supports Chrome version 114
Current browser version is 116.0.5845.180 with binary path C:\Program Files\Google\Chrome\Application\chrome.exe
Build info: version: '3.141.59', revision: 'e82be7d358', time: '2018-11-14T08:17:03'
System info: host: 'LAPTOP-SK1893TO', ip: '192.168.1.245', os.name: 'Windows 10', os.arch: 'amd64', os.version: '10.0', java.version: '17.0.1'
Driver info: driver.version: ChromeDriver
remote stacktrace: Backtrace:
GetHandleVerifier [0x0048A813+48355]
(No symbol) [0x0041C4B1]
(No symbol) [0x00325358]
(No symbol) [0x003461AC]
(No symbol) [0x00341EF3]
(No symbol) [0x00340579]
(No symbol) [0x00370C55]
(No symbol) [0x0037093C]
(No symbol) [0x0036A536]
(No symbol) [0x003482DC]
(No symbol) [0x003493DD]
GetHandleVerifier [0x006EAABD+2539405]
GetHandleVerifier [0x0072A78F+2800735]
GetHandleVerifier [0x0072456C+2775612]
GetHandleVerifier [0x005151E0+616112]
(No symbol) [0x00425F8C]
(No symbol) [0x00422328]
(No symbol) [0x0042240B]
(No symbol) [0x00414FF7]
BaseThreadInitThunk [0x764C7D59+25]
RtlInitializeExceptionChain [0x77ABB79B+107]
RtlClearBits [0x77ABB71F+191]

at java.base/jdk.internal.reflect.NativeConstructorAccessorImpl.newInstance0(Native Method)
at java.base/jdk.internal.reflect.NativeConstructorAccessorImpl.newInstance(NativeConstructorAccessorImpl.java:77)
at java.base/jdk.internal.reflect.DelegatingConstructorAccessorImpl.newInstance(DelegatingConstructorAccessorImpl.java:45)
at java.base/java.lang.reflect.Constructor.newInstanceWithCaller(Constructor.java:499)
at java.base/java.lang.reflect.Constructor.newInstance(Constructor.java:480)
at org.openqa.selenium.remote.W3CHandshakeResponse.lambda$errorHandler$0(W3CHandshakeResponse.java:62)
at org.openqa.selenium.remote.HandshakeResponse.lambda$getResponseFunction$0(HandshakeResponse.java:30)
at org.openqa.selenium.remote.ProtocolHandshake.lambda$createSession$0(ProtocolHandshake.java:126)
at java.base/java.util.stream.ReferencePipeline$3$1.accept(ReferencePipeline.java:197)
at java.base/java.util.Spliterators$ArraySpliterator.tryAdvance(Spliterators.java:1002)
at java.base/java.util.stream.ReferencePipeline.forEachWithCancel(ReferencePipeline.java:129)
at java.base/java.util.stream.AbstractPipeline.copyIntoWithCancel(AbstractPipeline.java:527)
at java.base/java.util.stream.AbstractPipeline.copyInto(AbstractPipeline.java:513)
at java.base/java.util.stream.AbstractPipeline.wrapAndCopyInto(AbstractPipeline.java:499)
at java.base/java.util.stream.FindOps$FindOp.evaluateSequential(FindOps.java:150)
at java.base/java.util.stream.AbstractPipeline.evaluate(AbstractPipeline.java:234)
at java.base/java.util.stream.ReferencePipeline.findFirst(ReferencePipeline.java:647)
at org.openqa.selenium.remote.ProtocolHandshake.createSession(ProtocolHandshake.java:128)
at org.openqa.selenium.remote.ProtocolHandshake.createSession(ProtocolHandshake.java:74)
at org.openqa.selenium.remote.HttpCommandExecutor.execute(HttpCommandExecutor.java:136)
at org.openqa.selenium.remote.service.DriverCommandExecutor.execute(DriverCommandExecutor.java:83)
at org.openqa.selenium.remote.RemoteWebDriver.execute(RemoteWebDriver.java:552)
at org.openqa.selenium.remote.RemoteWebDriver.startSession(RemoteWebDriver.java:213)
at org.openqa.selenium.remote.RemoteWebDriver.<init>(RemoteWebDriver.java:131)
at org.openqa.selenium.chrome.ChromeDriver.<init>(ChromeDriver.java:181)
at org.openqa.selenium.chrome.ChromeDriver.<init>(ChromeDriver.java:168)
at org.openqa.selenium.chrome.ChromeDriver.<init>(ChromeDriver.java:123)
at zoopla.uk.basepage.BasePage.initializations(BasePage.java:41)
at zoopla.uk.stepdefinitions.LoginTest.user_able_to_open_a_any_browser(LoginTest.java:17)
at âœ½.User able to open a any browser(file:///C:/Users/islam/eclipse-workspace/UFrame/./Features/loginFunction.feature:6)
]]>
    </error>
  </testcase> <!-- runScenario -->
</testsuite> <!-- zoopla.uk.myrunner.MyRunner -->
